This is XeTeX, Version 3.14159265-2.6-0.99992 (TeX Live 2015) (preloaded format=xelatex 2015.5.24)  10 JAN 2016 21:06
entering extended mode
 restricted \write18 enabled.
 %&-line parsing enabled.
**PA_1.tex
(./PA_1.tex
LaTeX2e <2015/01/01>
Babel <3.9l> and hyphenation patterns for 79 languages loaded.
(/usr/local/texlive/2015/texmf-dist/tex/latex/base/article.cls
Document Class: article 2014/09/29 v1.4h Standard LaTeX document class
(/usr/local/texlive/2015/texmf-dist/tex/latex/base/size10.clo
File: size10.clo 2014/09/29 v1.4h Standard LaTeX file (size option)
)
\c@part=\count79
\c@section=\count80
\c@subsection=\count81
\c@subsubsection=\count82
\c@paragraph=\count83
\c@subparagraph=\count84
\c@figure=\count85
\c@table=\count86
\abovecaptionskip=\skip41
\belowcaptionskip=\skip42
\bibindent=\dimen102
)
(/usr/local/texlive/2015/texmf-dist/tex/latex/graphics/graphicx.sty
Package: graphicx 2014/10/28 v1.0g Enhanced LaTeX Graphics (DPC,SPQR)

(/usr/local/texlive/2015/texmf-dist/tex/latex/graphics/keyval.sty
Package: keyval 2014/10/28 v1.15 key=value parser (DPC)
\KV@toks@=\toks14
)
(/usr/local/texlive/2015/texmf-dist/tex/latex/graphics/graphics.sty
Package: graphics 2014/10/28 v1.0p Standard LaTeX Graphics (DPC,SPQR)

(/usr/local/texlive/2015/texmf-dist/tex/latex/graphics/trig.sty
Package: trig 1999/03/16 v1.09 sin cos tan (DPC)
)
(/usr/local/texlive/2015/texmf-dist/tex/latex/latexconfig/graphics.cfg
File: graphics.cfg 2010/04/23 v1.9 graphics configuration of TeX Live
)
Package graphics Info: Driver file: xetex.def on input line 94.

(/usr/local/texlive/2015/texmf-dist/tex/xelatex/xetex-def/xetex.def
File: xetex.def 2015/03/25 v4.04 LaTeX color/graphics driver for XeTeX (TeX Liv
e/RRM/JK)
))
\Gin@req@height=\dimen103
\Gin@req@width=\dimen104
)
(/usr/local/texlive/2015/texmf-dist/tex/latex/graphics/color.sty
Package: color 2014/10/28 v1.1a Standard LaTeX Color (DPC)

(/usr/local/texlive/2015/texmf-dist/tex/latex/latexconfig/color.cfg
File: color.cfg 2007/01/18 v1.5 color configuration of teTeX/TeXLive
)
Package color Info: Driver file: xetex.def on input line 142.
)
(/usr/local/texlive/2015/texmf-dist/tex/latex/framed/framed.sty
Package: framed 2011/10/22 v 0.96: framed or shaded text with page breaks
\OuterFrameSep=\skip43
\fb@frw=\dimen105
\fb@frh=\dimen106
\FrameRule=\dimen107
\FrameSep=\dimen108
)
(/usr/local/texlive/2015/texmf-dist/tex/latex/base/alltt.sty
Package: alltt 1997/06/16 v2.0g defines alltt environment
)
(/usr/local/texlive/2015/texmf-dist/tex/latex/upquote/upquote.sty
Package: upquote 2012/04/19 v1.3 upright-quote and grave-accent glyphs in verba
tim
) (./PA_1.aux)
\openout1 = `PA_1.aux'.

LaTeX Font Info:    Checking defaults for OML/cmm/m/it on input line 52.
LaTeX Font Info:    ... okay on input line 52.
LaTeX Font Info:    Checking defaults for T1/cmr/m/n on input line 52.
LaTeX Font Info:    ... okay on input line 52.
LaTeX Font Info:    Checking defaults for OT1/cmr/m/n on input line 52.
LaTeX Font Info:    ... okay on input line 52.
LaTeX Font Info:    Checking defaults for OMS/cmsy/m/n on input line 52.
LaTeX Font Info:    ... okay on input line 52.
LaTeX Font Info:    Checking defaults for OMX/cmex/m/n on input line 52.
LaTeX Font Info:    ... okay on input line 52.
LaTeX Font Info:    Checking defaults for U/cmr/m/n on input line 52.
LaTeX Font Info:    ... okay on input line 52.
! Undefined control sequence.
l.55 \maketitile
                
The control sequence at the end of the top line
of your error message was never \def'ed. If you have
misspelled it (e.g., `\hobx'), type `I' and the correct
spelling (e.g., `I\hbox'). Otherwise just continue,
and I'll forget about whatever was undefined.

Package color Info: Redefining color shadecolor on input line 59.
LaTeX Font Info:    Font shape `OT1/cmtt/bx/n' in size <10> not available
(Font)              Font shape `OT1/cmtt/m/n' tried instead on input line 61.

Overfull \hbox (90.7462pt too wide) in paragraph at lines 61--61
[][]\OT1/cmtt/m/n/10 fileURL[] []<-[] []c[][]([][]"https://d396qusza40orc.cloud
front.net/repdata%2Fdata%2Factivity.zip"[][])[][] 
 []

Package color Info: Redefining color shadecolor on input line 69.

Overfull \hbox (106.49606pt too wide) in paragraph at lines 72--72
[][]\OT1/cmtt/m/n/10 compressedFileName[] []<-[] []"~/GitHub/RepData_PeerAssess
ment1/repdata_2Fdata_2Factivity.zip"[][] 
 []

Package color Info: Redefining color shadecolor on input line 80.
LaTeX Font Info:    Try loading font information for OMS+cmtt on input line 82.

(/Library/Frameworks/R.framework/Resources/share/texmf/tex/latex/omscmtt.fd
File: omscmtt.fd 
)
LaTeX Font Info:    Font shape `OMS/cmtt/m/n' in size <10> not available
(Font)              Font shape `OMS/cmsy/m/n' tried instead on input line 82.
Missing character: There is no 𝙽 in font cmbx10!
Missing character: There is no 𝙰 in font cmbx10!
Package color Info: Redefining color shadecolor on input line 96.
Package color Info: Redefining color shadecolor on input line 114.

[1

] [2]
Package color Info: Redefining color shadecolor on input line 181.

Overfull \hbox (11.99689pt too wide) in paragraph at lines 183--183
[][]\OT1/cmtt/m/n/10 hist[][](totalSteps[][]$[][]steps,[] []col[] []=[] []^^Mgr
een^^M[][],[]  []xlab[] []=[] []^^MTotal Steps per Day^^M[][])[][] 
 []

File: figure/unnamed-chunk-6-1.pdf Graphic file (type QTm)
<use  "figure/unnamed-chunk-6-1.pdf" >
Overfull \hbox (15.0pt too wide) in paragraph at lines 186--187
[][] 
 []

[3]
Package color Info: Redefining color shadecolor on input line 201.
Package color Info: Redefining color shadecolor on input line 213.
 [4]
Missing character: There is no 𝚝 in font cmbx10!
Missing character: There is no 𝚢 in font cmbx10!
Missing character: There is no 𝚙 in font cmbx10!
Missing character: There is no 𝚎 in font cmbx10!
Missing character: There is no 𝚕 in font cmbx10!
Package color Info: Redefining color shadecolor on input line 293.

Overfull \hbox (53.99652pt too wide) in paragraph at lines 295--295
[][]\OT1/cmtt/m/n/10 fiveMinAve[] []<-[] []aggregate[][](steps[][]~[][]interval
,[] []data[][]=activity,[] []FUN[][]=mean,[] []na.rm[][]=[][]TRUE[][])[][] 
 []

[5]
File: figure/unnamed-chunk-9-1.pdf Graphic file (type QTm)
 <use  "figure/unnamed-chunk-9-1.pdf" >
Overfull \hbox (15.0pt too wide) in paragraph at lines 299--300
[][] 
 []

Package color Info: Redefining color shadecolor on input line 315.
[6]
Package color Info: Redefining color shadecolor on input line 336.
Package color Info: Redefining color shadecolor on input line 350.

Overfull \hbox (195.74529pt too wide) in paragraph at lines 355--355
[]    []\OT1/cmtt/m/n/10 imputedSteps[][]$[][]steps[i][] []<-[] []fiveMinAve[[]
[]which[][](imputedSteps[][]$[][]interval[i][] []==[] []fiveMinAve[][]$[][]inte
rval), ][][]$[][]steps[][] 
 []

Package color Info: Redefining color shadecolor on input line 368.

Overfull \hbox (22.4968pt too wide) in paragraph at lines 370--370
[][]\OT1/cmtt/m/n/10 hist[][](imputedSteps[][]$[][]steps,[] []col[] []=[] []^^M
green^^M[][],[]  []xlab[] []=[] []^^MTotal Steps per Day^^M[][])[][] 
 []

File: figure/unnamed-chunk-13-1.pdf Graphic file (type QTm)
<use  "figure/unnamed-chunk-13-1.pdf" >
Overfull \hbox (15.0pt too wide) in paragraph at lines 373--374
[][] 
 []

[7]
Missing character: There is no – in font cmbx10!
Missing character: There is no “ in font cmbx10!
Missing character: There is no ” in font cmbx10!
Missing character: There is no “ in font cmbx10!
Missing character: There is no ” in font cmbx10!
Package color Info: Redefining color shadecolor on input line 393.
 [8]
Overfull \hbox (74.99634pt too wide) in paragraph at lines 395--395
[][]\OT1/cmtt/m/n/10 activityDOW[] []<-[] []mutate[][](imputedSteps,[] []daytyp
e[] []=[] []ifelse[][]([][]weekdays[][](imputedSteps[][]$[][]date)[][] 
 []


Overfull \hbox (122.24593pt too wide) in paragraph at lines 396--396
[]          []\OT1/cmtt/m/n/10 ==[] []"Saturday"[] []|[] []weekdays[][](imputed
Steps[][]$[][]date)[] []==[] []"Sunday"[][],[] []"weekend"[][],[] []"weekday"[]
[]))[][] 
 []


Overfull \hbox (32.9967pt too wide) in paragraph at lines 400--400
[]\OT1/cmtt/m/n/10 ## Error in eval(expr, envir, enclos): could not find functi
on "mutate"[] 
 []

Missing character: There is no 𝚝 in font cmr10!
Missing character: There is no 𝚢 in font cmr10!
Missing character: There is no 𝚙 in font cmr10!
Missing character: There is no 𝚎 in font cmr10!
Missing character: There is no 𝚕 in font cmr10!
Package color Info: Redefining color shadecolor on input line 416.

Overfull \hbox (27.74675pt too wide) in paragraph at lines 418--418
[][]\OT1/cmtt/m/n/10 dayFiveMinAve[] []<-[] []aggregate[][](steps[][]~[][]inter
val[] []+[] []daytype, activityDOW, mean)[][] 
 []


Overfull \hbox (22.4968pt too wide) in paragraph at lines 422--422
[]\OT1/cmtt/m/n/10 ## Error in eval(expr, envir, enclos): object 'activityDOW' 
not found[] 
 []


Overfull \hbox (53.99652pt too wide) in paragraph at lines 428--428
[][]\OT1/cmtt/m/n/10 xyplot[][](dayFiveMinAve[][]$[][]steps[] []~[] []dayFiveMi
nAve[][]$[][]interval[] []|[] []dayFiveMinAve[][]$[][]daytype,[][] 
 []


Overfull \hbox (200.99524pt too wide) in paragraph at lines 429--429
[]       []\OT1/cmtt/m/n/10 main[][]=[][]"Average Steps per Day by Interval"[][
],[] []xlab[][]=[][]"5 Second Interval"[][],[] []ylab[][]=[][]"Average Steps pe
r Day"[][],[][] 
 []


Overfull \hbox (227.24501pt too wide) in paragraph at lines 430--430
[]      []\OT1/cmtt/m/n/10 layout[][]=[][]c[][]([][]1[][],[][]2[][]),[] []type[
][]=[][]"l"[][],[] []cex[][]=[][]1[][],[] []cex.axis[][]=[][]0.75[][],[] []font
[][]=[][]2[][],[] []font.lab[][]=[][]2[][],[] []font.main[][]=[][]2[][],[] []fo
nt.sub[][]=[][]2[][],[] []font.lab[][]=[][]2[][])[][] 
 []


Overfull \hbox (1.49698pt too wide) in paragraph at lines 434--434
[]\OT1/cmtt/m/n/10 ## Error in eval(expr, envir, enclos): object 'dayFiveMinAve
' not
 []

[9] (./PA_1.aux) ) 
Here is how much of TeX's memory you used:
 741 strings out of 493706
 9676 string characters out of 6145769
 69164 words of memory out of 5000000
 4121 multiletter control sequences out of 15000+600000
 4721 words of font info for 18 fonts, out of 8000000 for 9000
 1328 hyphenation exceptions out of 8191
 25i,5n,19p,457b,284s stack positions out of 5000i,500n,10000p,200000b,80000s

Output written on PA_1.pdf (9 pages).
